<?xml version="1.0" encoding="UTF-8"?>
<testng-results ignored="0" total="4" passed="4" failed="0" skipped="0">
  <reporter-output>
  </reporter-output>
  <suite started-at="2023-03-05T22:05:22 IST" name="Suite" finished-at="2023-03-05T22:05:58 IST" duration-ms="36764">
    <groups>
    </groups>
    <test started-at="2023-03-05T22:05:22 IST" name="HomePage" finished-at="2023-03-05T22:05:44 IST" duration-ms="22343">
      <class name="Tests.SauceExecTest">
        <test-method signature="verifyHomePageTest(java.lang.String,java.lang.String)[pri:0, instance:Tests.SauceExecTest@6f1de4c7]" started-at="2023-03-05T22:05:22 IST" name="verifyHomePageTest" finished-at="2023-03-05T22:05:35 IST" duration-ms="13001" status="PASS">
          <params>
            <param index="0">
              <value>
                <![CDATA[chrome]]>
              </value>
            </param>
            <param index="1">
              <value>
                <![CDATA[windows 11]]>
              </value>
            </param>
          </params>
          <reporter-output>
          </reporter-output>
        </test-method> <!-- verifyHomePageTest -->
        <test-method signature="verifyHomePageTestDup(java.lang.String,java.lang.String)[pri:0, instance:Tests.SauceExecTest@6f1de4c7]" started-at="2023-03-05T22:05:35 IST" name="verifyHomePageTestDup" finished-at="2023-03-05T22:05:44 IST" duration-ms="8985" status="PASS">
          <params>
            <param index="0">
              <value>
                <![CDATA[chrome]]>
              </value>
            </param>
            <param index="1">
              <value>
                <![CDATA[windows 11]]>
              </value>
            </param>
          </params>
          <reporter-output>
          </reporter-output>
        </test-method> <!-- verifyHomePageTestDup -->
        <test-method is-config="true" signature="tearDown()[pri:0, instance:Tests.SauceExecTest@6f1de4c7]" started-at="2023-03-05T22:05:44 IST" name="tearDown" finished-at="2023-03-05T22:05:44 IST" duration-ms="315" status="PASS">
          <reporter-output>
          </reporter-output>
        </test-method> <!-- tearDown -->
      </class> <!-- Tests.SauceExecTest -->
    </test> <!-- HomePage -->
    <test started-at="2023-03-05T22:05:22 IST" name="HomePageDup" finished-at="2023-03-05T22:05:58 IST" duration-ms="36764">
      <class name="Tests.SauceExecTest">
        <test-method signature="verifyHomePageTest(java.lang.String,java.lang.String)[pri:0, instance:Tests.SauceExecTest@6a6cb05c]" started-at="2023-03-05T22:05:22 IST" name="verifyHomePageTest" finished-at="2023-03-05T22:05:41 IST" duration-ms="18771" status="PASS">
          <params>
            <param index="0">
              <value>
                <![CDATA[firefox]]>
              </value>
            </param>
            <param index="1">
              <value>
                <![CDATA[macOS 10.15]]>
              </value>
            </param>
          </params>
          <reporter-output>
          </reporter-output>
        </test-method> <!-- verifyHomePageTest -->
        <test-method signature="verifyHomePageTestDup(java.lang.String,java.lang.String)[pri:0, instance:Tests.SauceExecTest@6a6cb05c]" started-at="2023-03-05T22:05:41 IST" name="verifyHomePageTestDup" finished-at="2023-03-05T22:05:58 IST" duration-ms="17533" status="PASS">
          <params>
            <param index="0">
              <value>
                <![CDATA[firefox]]>
              </value>
            </param>
            <param index="1">
              <value>
                <![CDATA[macOS 10.15]]>
              </value>
            </param>
          </params>
          <reporter-output>
          </reporter-output>
        </test-method> <!-- verifyHomePageTestDup -->
        <test-method is-config="true" signature="tearDown()[pri:0, instance:Tests.SauceExecTest@6a6cb05c]" started-at="2023-03-05T22:05:58 IST" name="tearDown" finished-at="2023-03-05T22:05:58 IST" duration-ms="425" status="PASS">
          <reporter-output>
          </reporter-output>
        </test-method> <!-- tearDown -->
      </class> <!-- Tests.SauceExecTest -->
    </test> <!-- HomePageDup -->
  </suite> <!-- Suite -->
</testng-results>
